
################################################################################
#
# This file has been generated by SpyGlass:
#     Report Name      : moresimple
#     Report Created by: xuemengyuan
#     Report Created on:  Tue Jul 23 10:49:06 2024
#     Working Directory: /home/xuemengyuan/try/cache_v1/icache/work/lint/workspace
#     SpyGlass Version : SpyGlass_vT-2022.06-1
#     Policy Name      : SpyGlass(SpyGlass_vT-2022.06-1)
#                        clock-reset(SpyGlass_vT-2022.06-1)
#                        latch(SpyGlass_vT-2022.06-1)
#                        lint(SpyGlass_vT-2022.06-1)
#                        morelint(SpyGlass_vT-2022.06-1)
#                        openmore(SpyGlass_vT-2022.06-1)
#                        power_est(SpyGlass_vT-2022.06-1)
#                        simulation(SpyGlass_vT-2022.06-1)
#                        starc(SpyGlass_vT-2022.06-1)
#                        starc2002(SpyGlass_vT-2022.06-1)
#                        starc2005(SpyGlass_vT-2022.06-1)
#                        txv(SpyGlass_vT-2022.06-1)
#
#     Total Number of Generated Messages :         30
#     Number of Waived Messages          :          0
#     Number of Reported Messages        :         30
#     Number of Overlimit Messages       :          0
#
#
################################################################################

+++++++++++++++++++++++++++++++++++++++++++++++++++++++++++++++++++++++
MORESIMPLE REPORT:
############### FATAL MESSAGES ############### 
+++++++++++++++++++++++++++++++++++++++++++++++++++++++++++++++++++++++++++++++++
ID       Rule          Alias         Severity    File                                                                 Line    Wt      Message
======================================================================================
[18]     STX_VE_481    STX_VE_481    Syntax      /home/xuemengyuan/try/cache_v1/icache/icache_req_arbiter_v3.sv       8       1000    Syntax error near ( upstream_rxreq_pld )
[19]     STX_VE_481    STX_VE_481    Syntax      /home/xuemengyuan/try/cache_v1/icache/icache_tag_array_ctrl.sv       8       1000    Syntax error near ( tag_req_pld )
[1A]     STX_VE_481    STX_VE_481    Syntax      /home/xuemengyuan/try/cache_v1/icache/icache_prefetch_engine.sv      10      1000    Syntax error near ( prefetch_req_pld )
[1B]     STX_VE_481    STX_VE_481    Syntax      /home/xuemengyuan/try/cache_v1/icache/icache_mshr_entry_buffer.sv    28      1000    Syntax error near ( downstream_txreq_pld )
[1C]     STX_VE_481    STX_VE_481    Syntax      /home/xuemengyuan/try/cache_v1/icache/icache_mshr_file.sv            8       1000    Syntax error near ( tag_req_pld )
[1D]     STX_VE_481    STX_VE_481    Syntax      /home/xuemengyuan/try/cache_v1/icache/icache_data_array_ctrl.sv      18      1000    Syntax error near ( downstream_rxdat_pld )
+++++++++++++++++++++++++++++++++++++++++++++++++++++++++++++++++++++++++++++++++++++++


############### BuiltIn -> RuleGroup=Command-line read ###############
+++++++++++++++++++++++++++++++++++++++++++++++++++++++++++++++++++++++++++++++++++++++
ID       Rule                     Alias             Severity    File    Line    Wt    Message
======================================================================================
[1]      CMD_define_severity02    UnusedSevLabel    Warning     N.A.    0       10    Option '-define_severity' ignored as severity 'S5_error' is not used by policy 'lint'
[2]      CMD_define_severity02    UnusedSevLabel    Warning     N.A.    0       10    Option '-define_severity' ignored as severity 'S2_error' is not used by policy 'starc2005'
[3]      CMD_define_severity02    UnusedSevLabel    Warning     N.A.    0       10    Option '-define_severity' ignored as severity 'S5_error' is not used by policy 'starc2005'
[4]      CMD_define_severity02    UnusedSevLabel    Warning     N.A.    0       10    Option '-define_severity' ignored as severity 'S4_error' is not used by policy 'starc'
[5]      CMD_define_severity02    UnusedSevLabel    Warning     N.A.    0       10    Option '-define_severity' ignored as severity 'S5_error' is not used by policy 'starc'
[6]      CMD_define_severity02    UnusedSevLabel    Warning     N.A.    0       10    Option '-define_severity' ignored as severity 'S5_error' is not used by policy 'openmore'
[7]      CMD_define_severity02    UnusedSevLabel    Warning     N.A.    0       10    Option '-define_severity' ignored as severity 'S2_error' is not used by policy 'latch'
[8]      CMD_define_severity02    UnusedSevLabel    Warning     N.A.    0       10    Option '-define_severity' ignored as severity 'S3_error' is not used by policy 'latch'
[9]      CMD_define_severity02    UnusedSevLabel    Warning     N.A.    0       10    Option '-define_severity' ignored as severity 'S4_error' is not used by policy 'latch'
[A]      CMD_define_severity02    UnusedSevLabel    Warning     N.A.    0       10    Option '-define_severity' ignored as severity 'S5_error' is not used by policy 'latch'
[B]      CMD_define_severity02    UnusedSevLabel    Warning     N.A.    0       10    Option '-define_severity' ignored as severity 'S1_error' is not used by policy 'simulation'
[C]      CMD_define_severity02    UnusedSevLabel    Warning     N.A.    0       10    Option '-define_severity' ignored as severity 'S2_error' is not used by policy 'simulation'
[D]      CMD_define_severity02    UnusedSevLabel    Warning     N.A.    0       10    Option '-define_severity' ignored as severity 'S3_error' is not used by policy 'simulation'
[E]      CMD_define_severity02    UnusedSevLabel    Warning     N.A.    0       10    Option '-define_severity' ignored as severity 'S4_error' is not used by policy 'simulation'
[F]      CMD_define_severity02    UnusedSevLabel    Warning     N.A.    0       10    Option '-define_severity' ignored as severity 'S5_error' is not used by policy 'simulation'
[10]     checkCMD_ignore02        checkLangType     Warning     N.A.    0       10    Option '87' ignored as no Vhdl design file is specified
+++++++++++++++++++++++++++++++++++++++++++++++++++++++++++++++++++++++++++++++++++++++


############### BuiltIn -> RuleGroup=Design Read ###############
+++++++++++++++++++++++++++++++++++++++++++++++++++++++++++++++++++++++++++++++++++++++
ID       Rule                       Alias                      Severity    File                                                                                                                                                 Line    Wt    Message
======================================================================================
[11]     AutoGenerateSglib          AutoGenerateSglib          Info        /home/xuemengyuan/try/cache_v1/icache/work/lint/workspace/lint/spyglass_cache/autogenerated_sglib/lc/spyglass_lc_aggregate_reports/moresimple.rpt    0       2     Sglib '/home/xuemengyuan/try/cache_v1/icache/work/lint/workspace/lint/spyglass_cache/autogenerated_sglib/aggregate.sglib' has been auto-generated successfully
[12]     InfoSglibVersionSummary    InfoSglibVersionSummary    Info        /home/xuemengyuan/try/cache_v1/icache/work/lint/workspace/lint/icache_top/mygoal/spyglass_reports/SpyGlass/sglib_version_summary.rpt                 0       10    Please refer file '/home/xuemengyuan/try/cache_v1/icache/work/lint/workspace/lint/icache_top/mygoal/spyglass_reports/SpyGlass/sglib_version_summary.rpt' for Library Compiler version info
+++++++++++++++++++++++++++++++++++++++++++++++++++++++++++++++++++++++++++++++++++++++


############### Non-BuiltIn -> Goal=mygoal ###############
+++++++++++++++++++++++++++++++++++++++++++++++++++++++++++++++++++++++++++++++++++++++
ID       Rule                Alias                 Severity    File                                                       Line    Wt      Message
======================================================================================
[13]     ExprParen           (OpenMORE 5.6.5.1)    S4_error    /home/xuemengyuan/try/cache_v1/icache/toy_pack.sv          21      2       Use parenthesis in complex expressions (Operators + and * used)
[14]     STARC05-2.1.4.1     UseParen              S4_error    /home/xuemengyuan/try/cache_v1/icache/toy_pack.sv          21      10      Use parenthesis in complex expressions (Operators + and * used)
[0]      LatchReset                                Info        N.A.                                                       0       10      Invalid or no argument passed to parameter latch_reset. Rule checking skipped
[16]     SV09Construct-ML                          Info        /home/xuemengyuan/try/cache_v1/icache/cmn_lead_one.sv      3       1000    System Verilog construct ( localparam declaration in module declaration ) found
[17]     SV09Construct-ML                          Info        /home/xuemengyuan/try/cache_v1/icache/cmn_onehot2bin.sv    3       1000    System Verilog construct ( localparam declaration in module declaration ) found
[15]     SV09Construct-ML                          Info        /home/xuemengyuan/try/cache_v1/icache/icache_top.sv        2       1000    System Verilog construct ( package import in header ) found
+++++++++++++++++++++++++++++++++++++++++++++++++++++++++++++++++++++++++++++++++++++++
