
Warning-[DEBUG_DEP] Option will be deprecated
  The option '-debug_all' will be deprecated in a future release.  Please use 
  '-debug_acc+all+dmptf -debug_region+cell+encrypt' instead.


Warning-[DBGACC_DBG] Multiple debug options being used
  The debug switches '-debug_access' and '-debug_all' are being used together.
  For better performance, consider using only '-debug_access'.

Command: vcs -sverilog -kdb +v2k -debug_access+all -debug_all -full64 -timescale=1ns/1ns \
-l com.log -f /data/usr/xuemy/try/icache_2r_v1/icache/icache_filelist.f -R +WAVE \

                         Chronologic VCS (TM)
         Version T-2022.06_Full64 -- Wed Oct 30 10:41:33 2024

                    Copyright (c) 1991 - 2022 Synopsys, Inc.
   This software and the associated documentation are proprietary to Synopsys,
 Inc. This software may only be used in accordance with the terms and conditions
 of a written license agreement with Synopsys, Inc. All other use, reproduction,
   or distribution of this software is strictly prohibited.  Licensed Products
     communicate with Synopsys servers for the purpose of providing software
    updates, detecting software piracy and verifying that customers are using
    Licensed Products in conformity with the applicable License Key for such
  Licensed Products. Synopsys will use information gathered in connection with
    this process to deliver software updates and pursue software pirates and
                                   infringers.

 Inclusivity & Diversity - Visit SolvNetPlus to read the "Synopsys Statement on
            Inclusivity and Diversity" (Refer to article 000036315 at
                        https://solvnetplus.synopsys.com)


Warning-[DEBUG_DEP] Option will be deprecated
  The option '-debug_all' will be deprecated in a future release.  Please use 
  '-debug_acc+all -debug_region+cell+encrypt' instead.

The design hasn't changed and need not be recompiled. 
If you really want to, delete file simv.daidir/.vcs.timestamp and
run VCS again.

Command: /data/usr/xuemy/try/icache_2r_v1/icache/work/rtl_sim/./simv +v2k -a com.log +WAVE
Chronologic VCS simulator copyright 1991-2022
Contains Synopsys proprietary information.
Compiler version T-2022.06_Full64; Runtime version T-2022.06_Full64;  Oct 30 10:41 2024
*Verdi* Loading libsscore_vcs202206.so
FSDB Dumper for VCS, Release Verdi_T-2022.06, Linux x86_64/64bit, 05/29/2022
(C) 1996 - 2022 by Synopsys, Inc.
*Verdi* FSDB WARNING: The FSDB file already exists. Overwriting the FSDB file may crash the programs that are using this file.
*Verdi* : Create FSDB file 'wave.fsdb'
*Verdi* : Begin traversing the scopes, layer (0).
*Verdi* : Enable +all dumping.
*Verdi* : End of traversing.
*Verdi* : fsdbDumpon - All FSDB files at 0 ns.
send_upstream_req: tag=          1, index=          1, id=          1
send a up req, tag=00000001, index=00000001, id=00000001,                  450
send_upstream_req: tag=          5, index=          1, id=          2
send a up req, tag=00000002, index=00000002, id=00000002,                  510
send_upstream_req: tag=          5, index=          2, id=          3
send a up req, tag=00000003, index=00000003, id=00000003,                  570
send_upstream_req: tag=          4, index=          1, id=          4
send a up req, tag=00000004, index=00000004, id=00000004,                  630
send_upstream_req: tag=          5, index=          1, id=          5
send a up req, tag=00000005, index=00000005, id=00000005,                  690
downstream_rxdat = 0000407f                    710, nid=1,remain pkt=7
send_upstream_req: tag=          1, index=          2, id=          6
send a up req, tag=00000006, index=00000006, id=00000006,                  750
Error: "/data/usr/xuemy/try/icache_2r_v1/icache/icache_top_v2_tb.sv", 336: icache_top_tb.unnamed$$_14.unnamed$$_15: at time 750 ns
compare error when txnid=5
send_upstream_req: tag=          4, index=          2, id=          7
send a up req, tag=00000007, index=00000007, id=00000007,                  810
send_upstream_req: tag=          1, index=          1, id=          8
send a up req, tag=00000008, index=00000008, id=00000008,                  870
send_upstream_req: tag=          4, index=          1, id=          9
send a up req, tag=00000009, index=00000009, id=00000009,                  930
downstream_rxdat = 0000407f                    990, nid=1,remain pkt=13
Error: "/data/usr/xuemy/try/icache_2r_v1/icache/icache_top_v2_tb.sv", 336: icache_top_tb.unnamed$$_14.unnamed$$_15: at time 1070 ns
compare error when txnid=1
downstream_rxdat = 0001407f                   1250, nid=2,remain pkt=13
downstream_rxdat = 0001407f                   1530, nid=2,remain pkt=12
txnid  2 compare pass
downstream_rxdat = 000140bf                   1810, nid=3,remain pkt=11
downstream_rxdat = 000140bf                   2070, nid=3,remain pkt=10
Error: "/data/usr/xuemy/try/icache_2r_v1/icache/icache_top_v2_tb.sv", 336: icache_top_tb.unnamed$$_14.unnamed$$_15: at time 2150 ns
compare error when txnid=3
downstream_rxdat = 0001007f                   2330, nid=4,remain pkt=9
downstream_rxdat = 0001007f                   2610, nid=4,remain pkt=8
txnid  4 compare pass
downstream_rxdat = 000040bf                   2890, nid=6,remain pkt=7
downstream_rxdat = 000040bf                   3150, nid=6,remain pkt=6
txnid  6 compare pass
downstream_rxdat = 000100bf                   3430, nid=7,remain pkt=5
downstream_rxdat = 000100bf                   3710, nid=7,remain pkt=4
txnid  7 compare pass
downstream_rxdat = 0000407f                   3990, nid=8,remain pkt=3
downstream_rxdat = 0000407f                   4270, nid=8,remain pkt=2
txnid  8 compare pass
downstream_rxdat = 0001007f                   4550, nid=9,remain pkt=1
downstream_rxdat = 0001007f                   4830, nid=9,remain pkt=0
txnid  9 compare pass
PC send 9 up req, receive 9 tx dat
PC send 16 tx req, receive 16 rx dat
$finish called from file "/data/usr/xuemy/try/icache_2r_v1/icache/icache_top_v2_tb.sv", line 241.
$finish at simulation time                45930
           V C S   S i m u l a t i o n   R e p o r t 
Time: 45930 ns
CPU Time:      0.280 seconds;       Data structure size:   0.1Mb
Wed Oct 30 10:41:37 2024
CPU time: .319 seconds in simulation
