version: (200506)

available memory: 64M bytes
used memory: 458752 bytes [need 448K bytes if disable swap]

used block: 21 [memory(21) file(0)]
                 [ 8K(16) 64K(5) { total 448K bytes } ]
overhead: (9555) bytes for (21) blocks [Average: (455) bytes/block]

write  => 0(times) 0K(bytes) [0K bytes to file]
read   => 5(times) 139K(bytes) [22K bytes compressed data from file]
access => 750445(times) 5901M(bytes)
          [hit ratio: 99.9993%]

time: write(0) read(0)  unit: second

swap file directory: (/data/usr/xuemy/try/icache_2r_v1/icache/work/rtl_sim/verdiLog)
used swap file number: (5)



swap file manager:
arrSize: (256)
idxCnt: (6)
closeHead: (1)
closeTail: (5)
openCnt: (1)
fid(5): fd(0) fileName(NULL)
	mode(rb)	hot(4) cool(0) pos(0)
fid(4): fd(0) fileName(NULL)
	mode(rb)	hot(3) cool(5) pos(0)
fid(3): fd(0) fileName(NULL)
	mode(rb)	hot(1) cool(4) pos(0)
fid(2): fd(24) fileName(/data/usr/xuemy/try/icache_2r_v1/icache/work/rtl_sim/verdiLog/_swap_0001#8323329#778399)
	size(0) lastModTime(0) curModTime(1730210467)
	mode(w+b)	hot(3) cool(1) pos(0)
fid(1): fd(0) fileName(NULL)
	mode(rb)	hot(2) cool(3) pos(0)
fid(0): fd(0) fileName(NULL)
	mode(NULL)	hot(0) cool(0) pos(0)
Swap system is reset at (Tue Oct 29 22:22:47 2024
)
version: (200506)

available memory: 64M bytes
used memory: 1M bytes [need 576K bytes if disable swap]

used block: 51 [memory(51) file(0)]
                 [ 8K(40) 64K(11) { total 1M bytes } ]
overhead: (9555) bytes for (51) blocks [Average: (187) bytes/block]

write  => 0(times) 0K(bytes) [0K bytes to file]
read   => 11(times) 318K(bytes) [52K bytes compressed data from file]
access => 1914673(times) 15049M(bytes)
          [hit ratio: 99.9994%]

time: write(0) read(0)  unit: second

swap file directory: (/data/usr/xuemy/try/icache_2r_v1/icache/work/rtl_sim/verdiLog)
used swap file number: (12)



swap file manager:
arrSize: (256)
idxCnt: (13)
closeHead: (6)
closeTail: (12)
openCnt: (1)
fid(12): fd(0) fileName(NULL)
	mode(rb)	hot(11) cool(0) pos(0)
fid(11): fd(0) fileName(NULL)
	mode(rb)	hot(10) cool(12) pos(0)
fid(10): fd(0) fileName(NULL)
	mode(rb)	hot(9) cool(11) pos(0)
fid(9): fd(0) fileName(NULL)
	mode(rb)	hot(8) cool(10) pos(0)
fid(8): fd(0) fileName(NULL)
	mode(rb)	hot(6) cool(9) pos(0)
fid(7): fd(33) fileName(/data/usr/xuemy/try/icache_2r_v1/icache/work/rtl_sim/verdiLog/_swap_0001#8323329#778399)
	size(0) lastModTime(0) curModTime(1730211770)
	mode(w+b)	hot(8) cool(6) pos(0)
fid(6): fd(0) fileName(NULL)
	mode(rb)	hot(7) cool(8) pos(0)
fid(5): fd(0) fileName(NULL)
	mode(NULL)	hot(0) cool(0) pos(0)
fid(4): fd(0) fileName(NULL)
	mode(NULL)	hot(0) cool(0) pos(0)
fid(3): fd(0) fileName(NULL)
	mode(NULL)	hot(0) cool(0) pos(0)
fid(2): fd(0) fileName(NULL)
	mode(NULL)	hot(0) cool(0) pos(0)
fid(1): fd(0) fileName(NULL)
	mode(NULL)	hot(0) cool(0) pos(0)
fid(0): fd(0) fileName(NULL)
	mode(NULL)	hot(0) cool(0) pos(0)
Swap system is reset at (Tue Oct 29 22:46:55 2024
)
version: (200506)

available memory: 64M bytes
used memory: 2M bytes [need 576K bytes if disable swap]

used block: 58 [memory(58) file(0)]
                 [ 8K(46) 64K(12) { total 2M bytes } ]
overhead: (9555) bytes for (58) blocks [Average: (164) bytes/block]

write  => 0(times) 0K(bytes) [0K bytes to file]
read   => 12(times) 356K(bytes) [58K bytes compressed data from file]
access => 2081917(times) 16367M(bytes)
          [hit ratio: 99.9994%]

time: write(0) read(0)  unit: second

swap file directory: (/data/usr/xuemy/try/icache_2r_v1/icache/work/rtl_sim/verdiLog)
used swap file number: (13)



swap file manager:
arrSize: (256)
idxCnt: (15)
closeHead: (13)
closeTail: (14)
openCnt: (1)
fid(14): fd(32) fileName(/data/usr/xuemy/try/icache_2r_v1/icache/work/rtl_sim/verdiLog/_swap_0001#8323329#778399)
	size(0) lastModTime(0) curModTime(1730213219)
	mode(w+b)	hot(0) cool(13) pos(0)
fid(13): fd(0) fileName(NULL)
	mode(rb)	hot(14) cool(0) pos(0)
fid(12): fd(0) fileName(NULL)
	mode(NULL)	hot(0) cool(0) pos(0)
fid(11): fd(0) fileName(NULL)
	mode(NULL)	hot(0) cool(0) pos(0)
fid(10): fd(0) fileName(NULL)
	mode(NULL)	hot(0) cool(0) pos(0)
fid(9): fd(0) fileName(NULL)
	mode(NULL)	hot(0) cool(0) pos(0)
fid(8): fd(0) fileName(NULL)
	mode(NULL)	hot(0) cool(0) pos(0)
fid(7): fd(0) fileName(NULL)
	mode(NULL)	hot(0) cool(0) pos(0)
fid(6): fd(0) fileName(NULL)
	mode(NULL)	hot(0) cool(0) pos(0)
fid(5): fd(0) fileName(NULL)
	mode(NULL)	hot(0) cool(0) pos(0)
fid(4): fd(0) fileName(NULL)
	mode(NULL)	hot(0) cool(0) pos(0)
fid(3): fd(0) fileName(NULL)
	mode(NULL)	hot(0) cool(0) pos(0)
fid(2): fd(0) fileName(NULL)
	mode(NULL)	hot(0) cool(0) pos(0)
fid(1): fd(0) fileName(NULL)
	mode(NULL)	hot(0) cool(0) pos(0)
fid(0): fd(0) fileName(NULL)
	mode(NULL)	hot(0) cool(0) pos(0)
Swap system is reset at (Tue Oct 29 22:55:51 2024
)
version: (200506)

available memory: 64M bytes
used memory: 2M bytes [need 576K bytes if disable swap]

used block: 66 [memory(66) file(0)]
                 [ 8K(53) 64K(13) { total 2M bytes } ]
overhead: (9555) bytes for (66) blocks [Average: (144) bytes/block]

write  => 0(times) 0K(bytes) [0K bytes to file]
read   => 13(times) 396K(bytes) [64K bytes compressed data from file]
access => 2325379(times) 18283M(bytes)
          [hit ratio: 99.9994%]

time: write(0) read(0)  unit: second

swap file directory: (/data/usr/xuemy/try/icache_2r_v1/icache/work/rtl_sim/verdiLog)
used swap file number: (15)



swap file manager:
arrSize: (256)
idxCnt: (17)
closeHead: (15)
closeTail: (16)
openCnt: (1)
fid(16): fd(31) fileName(/data/usr/xuemy/try/icache_2r_v1/icache/work/rtl_sim/verdiLog/_swap_0001#8323329#778399)
	size(0) lastModTime(0) curModTime(1730213754)
	mode(w+b)	hot(0) cool(15) pos(0)
fid(15): fd(0) fileName(NULL)
	mode(rb)	hot(16) cool(0) pos(0)
fid(14): fd(0) fileName(NULL)
	mode(NULL)	hot(0) cool(0) pos(0)
fid(13): fd(0) fileName(NULL)
	mode(NULL)	hot(0) cool(0) pos(0)
fid(12): fd(0) fileName(NULL)
	mode(NULL)	hot(0) cool(0) pos(0)
fid(11): fd(0) fileName(NULL)
	mode(NULL)	hot(0) cool(0) pos(0)
fid(10): fd(0) fileName(NULL)
	mode(NULL)	hot(0) cool(0) pos(0)
fid(9): fd(0) fileName(NULL)
	mode(NULL)	hot(0) cool(0) pos(0)
fid(8): fd(0) fileName(NULL)
	mode(NULL)	hot(0) cool(0) pos(0)
fid(7): fd(0) fileName(NULL)
	mode(NULL)	hot(0) cool(0) pos(0)
fid(6): fd(0) fileName(NULL)
	mode(NULL)	hot(0) cool(0) pos(0)
fid(5): fd(0) fileName(NULL)
	mode(NULL)	hot(0) cool(0) pos(0)
fid(4): fd(0) fileName(NULL)
	mode(NULL)	hot(0) cool(0) pos(0)
fid(3): fd(0) fileName(NULL)
	mode(NULL)	hot(0) cool(0) pos(0)
fid(2): fd(0) fileName(NULL)
	mode(NULL)	hot(0) cool(0) pos(0)
fid(1): fd(0) fileName(NULL)
	mode(NULL)	hot(0) cool(0) pos(0)
fid(0): fd(0) fileName(NULL)
	mode(NULL)	hot(0) cool(0) pos(0)
Swap system is reset at (Tue Oct 29 22:59:38 2024
)
version: (200506)

available memory: 64M bytes
used memory: 2M bytes [need 576K bytes if disable swap]

used block: 74 [memory(74) file(0)]
                 [ 8K(60) 64K(14) { total 2M bytes } ]
overhead: (9555) bytes for (74) blocks [Average: (129) bytes/block]

write  => 0(times) 0K(bytes) [0K bytes to file]
read   => 14(times) 436K(bytes) [70K bytes compressed data from file]
access => 2671949(times) 21004M(bytes)
          [hit ratio: 99.9995%]

time: write(0) read(0)  unit: second

swap file directory: (/data/usr/xuemy/try/icache_2r_v1/icache/work/rtl_sim/verdiLog)
used swap file number: (17)



swap file manager:
arrSize: (256)
idxCnt: (20)
closeHead: (17)
closeTail: (18)
openCnt: (1)
fid(19): fd(0) fileName(NULL)
	mode(rb)	hot(17) cool(0) pos(0)
fid(18): fd(31) fileName(/data/usr/xuemy/try/icache_2r_v1/icache/work/rtl_sim/verdiLog/_swap_0001#8323329#778399)
	size(0) lastModTime(0) curModTime(1730213982)
	mode(w+b)	hot(0) cool(17) pos(0)
fid(17): fd(0) fileName(NULL)
	mode(rb)	hot(18) cool(19) pos(0)
fid(16): fd(0) fileName(NULL)
	mode(NULL)	hot(0) cool(0) pos(0)
fid(15): fd(0) fileName(NULL)
	mode(NULL)	hot(0) cool(0) pos(0)
fid(14): fd(0) fileName(NULL)
	mode(NULL)	hot(0) cool(0) pos(0)
fid(13): fd(0) fileName(NULL)
	mode(NULL)	hot(0) cool(0) pos(0)
fid(12): fd(0) fileName(NULL)
	mode(NULL)	hot(0) cool(0) pos(0)
fid(11): fd(0) fileName(NULL)
	mode(NULL)	hot(0) cool(0) pos(0)
fid(10): fd(0) fileName(NULL)
	mode(NULL)	hot(0) cool(0) pos(0)
fid(9): fd(0) fileName(NULL)
	mode(NULL)	hot(0) cool(0) pos(0)
fid(8): fd(0) fileName(NULL)
	mode(NULL)	hot(0) cool(0) pos(0)
fid(7): fd(0) fileName(NULL)
	mode(NULL)	hot(0) cool(0) pos(0)
fid(6): fd(0) fileName(NULL)
	mode(NULL)	hot(0) cool(0) pos(0)
fid(5): fd(0) fileName(NULL)
	mode(NULL)	hot(0) cool(0) pos(0)
fid(4): fd(0) fileName(NULL)
	mode(NULL)	hot(0) cool(0) pos(0)
fid(3): fd(0) fileName(NULL)
	mode(NULL)	hot(0) cool(0) pos(0)
fid(2): fd(0) fileName(NULL)
	mode(NULL)	hot(0) cool(0) pos(0)
fid(1): fd(0) fileName(NULL)
	mode(NULL)	hot(0) cool(0) pos(0)
fid(0): fd(0) fileName(NULL)
	mode(NULL)	hot(0) cool(0) pos(0)
Swap system is reset at (Tue Oct 29 23:27:57 2024
)
version: (200506)

available memory: 64M bytes
used memory: 2M bytes [need 576K bytes if disable swap]

used block: 82 [memory(82) file(0)]
                 [ 8K(67) 64K(15) { total 2M bytes } ]
overhead: (9555) bytes for (82) blocks [Average: (116) bytes/block]

write  => 0(times) 0K(bytes) [0K bytes to file]
read   => 15(times) 477K(bytes) [76K bytes compressed data from file]
access => 2861236(times) 22496M(bytes)
          [hit ratio: 99.9995%]

time: write(0) read(0)  unit: second

swap file directory: (/data/usr/xuemy/try/icache_2r_v1/icache/work/rtl_sim/verdiLog)
used swap file number: (20)



swap file manager:
arrSize: (256)
idxCnt: (22)
closeHead: (20)
closeTail: (21)
openCnt: (1)
fid(21): fd(31) fileName(/data/usr/xuemy/try/icache_2r_v1/icache/work/rtl_sim/verdiLog/_swap_0001#8323329#778399)
	size(0) lastModTime(0) curModTime(1730215679)
	mode(w+b)	hot(0) cool(20) pos(0)
fid(20): fd(0) fileName(NULL)
	mode(rb)	hot(21) cool(0) pos(0)
fid(19): fd(0) fileName(NULL)
	mode(NULL)	hot(0) cool(0) pos(0)
fid(18): fd(0) fileName(NULL)
	mode(NULL)	hot(0) cool(0) pos(0)
fid(17): fd(0) fileName(NULL)
	mode(NULL)	hot(0) cool(0) pos(0)
fid(16): fd(0) fileName(NULL)
	mode(NULL)	hot(0) cool(0) pos(0)
fid(15): fd(0) fileName(NULL)
	mode(NULL)	hot(0) cool(0) pos(0)
fid(14): fd(0) fileName(NULL)
	mode(NULL)	hot(0) cool(0) pos(0)
fid(13): fd(0) fileName(NULL)
	mode(NULL)	hot(0) cool(0) pos(0)
fid(12): fd(0) fileName(NULL)
	mode(NULL)	hot(0) cool(0) pos(0)
fid(11): fd(0) fileName(NULL)
	mode(NULL)	hot(0) cool(0) pos(0)
fid(10): fd(0) fileName(NULL)
	mode(NULL)	hot(0) cool(0) pos(0)
fid(9): fd(0) fileName(NULL)
	mode(NULL)	hot(0) cool(0) pos(0)
fid(8): fd(0) fileName(NULL)
	mode(NULL)	hot(0) cool(0) pos(0)
fid(7): fd(0) fileName(NULL)
	mode(NULL)	hot(0) cool(0) pos(0)
fid(6): fd(0) fileName(NULL)
	mode(NULL)	hot(0) cool(0) pos(0)
fid(5): fd(0) fileName(NULL)
	mode(NULL)	hot(0) cool(0) pos(0)
fid(4): fd(0) fileName(NULL)
	mode(NULL)	hot(0) cool(0) pos(0)
fid(3): fd(0) fileName(NULL)
	mode(NULL)	hot(0) cool(0) pos(0)
fid(2): fd(0) fileName(NULL)
	mode(NULL)	hot(0) cool(0) pos(0)
fid(1): fd(0) fileName(NULL)
	mode(NULL)	hot(0) cool(0) pos(0)
fid(0): fd(0) fileName(NULL)
	mode(NULL)	hot(0) cool(0) pos(0)
Swap system is reset at (Tue Oct 29 23:35:04 2024
)
version: (200506)

available memory: 64M bytes
used memory: 2M bytes [need 576K bytes if disable swap]

used block: 90 [memory(90) file(0)]
                 [ 8K(74) 64K(16) { total 2M bytes } ]
overhead: (9555) bytes for (90) blocks [Average: (106) bytes/block]

write  => 0(times) 0K(bytes) [0K bytes to file]
read   => 16(times) 518K(bytes) [82K bytes compressed data from file]
access => 3014606(times) 23708M(bytes)
          [hit ratio: 99.9995%]

time: write(0) read(0)  unit: second

swap file directory: (/data/usr/xuemy/try/icache_2r_v1/icache/work/rtl_sim/verdiLog)
used swap file number: (22)



swap file manager:
arrSize: (256)
idxCnt: (24)
closeHead: (22)
closeTail: (23)
openCnt: (1)
fid(23): fd(31) fileName(/data/usr/xuemy/try/icache_2r_v1/icache/work/rtl_sim/verdiLog/_swap_0001#8323329#778399)
	size(0) lastModTime(0) curModTime(1730216107)
	mode(w+b)	hot(0) cool(22) pos(0)
fid(22): fd(0) fileName(NULL)
	mode(rb)	hot(23) cool(0) pos(0)
fid(21): fd(0) fileName(NULL)
	mode(NULL)	hot(0) cool(0) pos(0)
fid(20): fd(0) fileName(NULL)
	mode(NULL)	hot(0) cool(0) pos(0)
fid(19): fd(0) fileName(NULL)
	mode(NULL)	hot(0) cool(0) pos(0)
fid(18): fd(0) fileName(NULL)
	mode(NULL)	hot(0) cool(0) pos(0)
fid(17): fd(0) fileName(NULL)
	mode(NULL)	hot(0) cool(0) pos(0)
fid(16): fd(0) fileName(NULL)
	mode(NULL)	hot(0) cool(0) pos(0)
fid(15): fd(0) fileName(NULL)
	mode(NULL)	hot(0) cool(0) pos(0)
fid(14): fd(0) fileName(NULL)
	mode(NULL)	hot(0) cool(0) pos(0)
fid(13): fd(0) fileName(NULL)
	mode(NULL)	hot(0) cool(0) pos(0)
fid(12): fd(0) fileName(NULL)
	mode(NULL)	hot(0) cool(0) pos(0)
fid(11): fd(0) fileName(NULL)
	mode(NULL)	hot(0) cool(0) pos(0)
fid(10): fd(0) fileName(NULL)
	mode(NULL)	hot(0) cool(0) pos(0)
fid(9): fd(0) fileName(NULL)
	mode(NULL)	hot(0) cool(0) pos(0)
fid(8): fd(0) fileName(NULL)
	mode(NULL)	hot(0) cool(0) pos(0)
fid(7): fd(0) fileName(NULL)
	mode(NULL)	hot(0) cool(0) pos(0)
fid(6): fd(0) fileName(NULL)
	mode(NULL)	hot(0) cool(0) pos(0)
fid(5): fd(0) fileName(NULL)
	mode(NULL)	hot(0) cool(0) pos(0)
fid(4): fd(0) fileName(NULL)
	mode(NULL)	hot(0) cool(0) pos(0)
fid(3): fd(0) fileName(NULL)
	mode(NULL)	hot(0) cool(0) pos(0)
fid(2): fd(0) fileName(NULL)
	mode(NULL)	hot(0) cool(0) pos(0)
fid(1): fd(0) fileName(NULL)
	mode(NULL)	hot(0) cool(0) pos(0)
fid(0): fd(0) fileName(NULL)
	mode(NULL)	hot(0) cool(0) pos(0)
Swap system is reset at (Tue Oct 29 23:46:23 2024
)
version: (200506)

available memory: 64M bytes
used memory: 2M bytes [need 576K bytes if disable swap]

used block: 98 [memory(98) file(0)]
                 [ 8K(81) 64K(17) { total 2M bytes } ]
overhead: (9555) bytes for (98) blocks [Average: (97) bytes/block]

write  => 0(times) 0K(bytes) [0K bytes to file]
read   => 17(times) 559K(bytes) [88K bytes compressed data from file]
access => 3082817(times) 24254M(bytes)
          [hit ratio: 99.9994%]

time: write(0) read(0)  unit: second

swap file directory: (/data/usr/xuemy/try/icache_2r_v1/icache/work/rtl_sim/verdiLog)
used swap file number: (24)



swap file manager:
arrSize: (256)
idxCnt: (26)
closeHead: (24)
closeTail: (25)
openCnt: (1)
fid(25): fd(31) fileName(/data/usr/xuemy/try/icache_2r_v1/icache/work/rtl_sim/verdiLog/_swap_0001#8323329#778399)
	size(0) lastModTime(0) curModTime(1730216786)
	mode(w+b)	hot(0) cool(24) pos(0)
fid(24): fd(0) fileName(NULL)
	mode(rb)	hot(25) cool(0) pos(0)
fid(23): fd(0) fileName(NULL)
	mode(NULL)	hot(0) cool(0) pos(0)
fid(22): fd(0) fileName(NULL)
	mode(NULL)	hot(0) cool(0) pos(0)
fid(21): fd(0) fileName(NULL)
	mode(NULL)	hot(0) cool(0) pos(0)
fid(20): fd(0) fileName(NULL)
	mode(NULL)	hot(0) cool(0) pos(0)
fid(19): fd(0) fileName(NULL)
	mode(NULL)	hot(0) cool(0) pos(0)
fid(18): fd(0) fileName(NULL)
	mode(NULL)	hot(0) cool(0) pos(0)
fid(17): fd(0) fileName(NULL)
	mode(NULL)	hot(0) cool(0) pos(0)
fid(16): fd(0) fileName(NULL)
	mode(NULL)	hot(0) cool(0) pos(0)
fid(15): fd(0) fileName(NULL)
	mode(NULL)	hot(0) cool(0) pos(0)
fid(14): fd(0) fileName(NULL)
	mode(NULL)	hot(0) cool(0) pos(0)
fid(13): fd(0) fileName(NULL)
	mode(NULL)	hot(0) cool(0) pos(0)
fid(12): fd(0) fileName(NULL)
	mode(NULL)	hot(0) cool(0) pos(0)
fid(11): fd(0) fileName(NULL)
	mode(NULL)	hot(0) cool(0) pos(0)
fid(10): fd(0) fileName(NULL)
	mode(NULL)	hot(0) cool(0) pos(0)
fid(9): fd(0) fileName(NULL)
	mode(NULL)	hot(0) cool(0) pos(0)
fid(8): fd(0) fileName(NULL)
	mode(NULL)	hot(0) cool(0) pos(0)
fid(7): fd(0) fileName(NULL)
	mode(NULL)	hot(0) cool(0) pos(0)
fid(6): fd(0) fileName(NULL)
	mode(NULL)	hot(0) cool(0) pos(0)
fid(5): fd(0) fileName(NULL)
	mode(NULL)	hot(0) cool(0) pos(0)
fid(4): fd(0) fileName(NULL)
	mode(NULL)	hot(0) cool(0) pos(0)
fid(3): fd(0) fileName(NULL)
	mode(NULL)	hot(0) cool(0) pos(0)
fid(2): fd(0) fileName(NULL)
	mode(NULL)	hot(0) cool(0) pos(0)
fid(1): fd(0) fileName(NULL)
	mode(NULL)	hot(0) cool(0) pos(0)
fid(0): fd(0) fileName(NULL)
	mode(NULL)	hot(0) cool(0) pos(0)
Swap system is reset at (Tue Oct 29 23:52:45 2024
)
version: (200506)

available memory: 64M bytes
used memory: 2M bytes [need 576K bytes if disable swap]

used block: 106 [memory(106) file(0)]
                 [ 8K(88) 64K(18) { total 2M bytes } ]
overhead: (9555) bytes for (106) blocks [Average: (90) bytes/block]

write  => 0(times) 0K(bytes) [0K bytes to file]
read   => 18(times) 600K(bytes) [94K bytes compressed data from file]
access => 3176756(times) 25002M(bytes)
          [hit ratio: 99.9994%]

time: write(0) read(0)  unit: second

swap file directory: (/data/usr/xuemy/try/icache_2r_v1/icache/work/rtl_sim/verdiLog)
used swap file number: (26)



swap file manager:
arrSize: (256)
idxCnt: (28)
closeHead: (26)
closeTail: (27)
openCnt: (1)
fid(27): fd(31) fileName(/data/usr/xuemy/try/icache_2r_v1/icache/work/rtl_sim/verdiLog/_swap_0001#8323329#778399)
	size(0) lastModTime(0) curModTime(1730217167)
	mode(w+b)	hot(0) cool(26) pos(0)
fid(26): fd(0) fileName(NULL)
	mode(rb)	hot(27) cool(0) pos(0)
fid(25): fd(0) fileName(NULL)
	mode(NULL)	hot(0) cool(0) pos(0)
fid(24): fd(0) fileName(NULL)
	mode(NULL)	hot(0) cool(0) pos(0)
fid(23): fd(0) fileName(NULL)
	mode(NULL)	hot(0) cool(0) pos(0)
fid(22): fd(0) fileName(NULL)
	mode(NULL)	hot(0) cool(0) pos(0)
fid(21): fd(0) fileName(NULL)
	mode(NULL)	hot(0) cool(0) pos(0)
fid(20): fd(0) fileName(NULL)
	mode(NULL)	hot(0) cool(0) pos(0)
fid(19): fd(0) fileName(NULL)
	mode(NULL)	hot(0) cool(0) pos(0)
fid(18): fd(0) fileName(NULL)
	mode(NULL)	hot(0) cool(0) pos(0)
fid(17): fd(0) fileName(NULL)
	mode(NULL)	hot(0) cool(0) pos(0)
fid(16): fd(0) fileName(NULL)
	mode(NULL)	hot(0) cool(0) pos(0)
fid(15): fd(0) fileName(NULL)
	mode(NULL)	hot(0) cool(0) pos(0)
fid(14): fd(0) fileName(NULL)
	mode(NULL)	hot(0) cool(0) pos(0)
fid(13): fd(0) fileName(NULL)
	mode(NULL)	hot(0) cool(0) pos(0)
fid(12): fd(0) fileName(NULL)
	mode(NULL)	hot(0) cool(0) pos(0)
fid(11): fd(0) fileName(NULL)
	mode(NULL)	hot(0) cool(0) pos(0)
fid(10): fd(0) fileName(NULL)
	mode(NULL)	hot(0) cool(0) pos(0)
fid(9): fd(0) fileName(NULL)
	mode(NULL)	hot(0) cool(0) pos(0)
fid(8): fd(0) fileName(NULL)
	mode(NULL)	hot(0) cool(0) pos(0)
fid(7): fd(0) fileName(NULL)
	mode(NULL)	hot(0) cool(0) pos(0)
fid(6): fd(0) fileName(NULL)
	mode(NULL)	hot(0) cool(0) pos(0)
fid(5): fd(0) fileName(NULL)
	mode(NULL)	hot(0) cool(0) pos(0)
fid(4): fd(0) fileName(NULL)
	mode(NULL)	hot(0) cool(0) pos(0)
fid(3): fd(0) fileName(NULL)
	mode(NULL)	hot(0) cool(0) pos(0)
fid(2): fd(0) fileName(NULL)
	mode(NULL)	hot(0) cool(0) pos(0)
fid(1): fd(0) fileName(NULL)
	mode(NULL)	hot(0) cool(0) pos(0)
fid(0): fd(0) fileName(NULL)
	mode(NULL)	hot(0) cool(0) pos(0)
Swap system is reset at (Wed Oct 30 00:02:30 2024
)
version: (200506)

available memory: 64M bytes
used memory: 2M bytes [need 576K bytes if disable swap]

used block: 109 [memory(109) file(0)]
                 [ 8K(90) 64K(19) { total 2M bytes } ]
overhead: (9555) bytes for (109) blocks [Average: (87) bytes/block]

write  => 0(times) 0K(bytes) [0K bytes to file]
read   => 19(times) 636K(bytes) [100K bytes compressed data from file]
access => 3306433(times) 26018M(bytes)
          [hit ratio: 99.9994%]

time: write(0) read(0)  unit: second

swap file directory: (/data/usr/xuemy/try/icache_2r_v1/icache/work/rtl_sim/verdiLog)
used swap file number: (28)



swap file manager:
arrSize: (256)
idxCnt: (30)
closeHead: (28)
closeTail: (29)
openCnt: (2)
fid(29): fd(31) fileName(/data/usr/xuemy/try/icache_2r_v1/icache/work/rtl_sim/verdiLog/_swap_0001#8323329#778399)
	size(0) lastModTime(0) curModTime(1730217753)
	mode(w+b)	hot(0) cool(28) pos(0)
fid(28): fd(1073741824) fileName(/data/usr/xuemy/try/icache_2r_v1/icache/work/rtl_sim/simv.daidir/kdb.elab++/work.lib++/icache_data_array_ctrl.sv.tdc)
	size(8928) lastModTime(1730217718) curModTime(1730217718)
	mode(rb)	hot(29) cool(0) pos(0)
fid(27): fd(0) fileName(NULL)
	mode(NULL)	hot(0) cool(0) pos(0)
fid(26): fd(0) fileName(NULL)
	mode(NULL)	hot(0) cool(0) pos(0)
fid(25): fd(0) fileName(NULL)
	mode(NULL)	hot(0) cool(0) pos(0)
fid(24): fd(0) fileName(NULL)
	mode(NULL)	hot(0) cool(0) pos(0)
fid(23): fd(0) fileName(NULL)
	mode(NULL)	hot(0) cool(0) pos(0)
fid(22): fd(0) fileName(NULL)
	mode(NULL)	hot(0) cool(0) pos(0)
fid(21): fd(0) fileName(NULL)
	mode(NULL)	hot(0) cool(0) pos(0)
fid(20): fd(0) fileName(NULL)
	mode(NULL)	hot(0) cool(0) pos(0)
fid(19): fd(0) fileName(NULL)
	mode(NULL)	hot(0) cool(0) pos(0)
fid(18): fd(0) fileName(NULL)
	mode(NULL)	hot(0) cool(0) pos(0)
fid(17): fd(0) fileName(NULL)
	mode(NULL)	hot(0) cool(0) pos(0)
fid(16): fd(0) fileName(NULL)
	mode(NULL)	hot(0) cool(0) pos(0)
fid(15): fd(0) fileName(NULL)
	mode(NULL)	hot(0) cool(0) pos(0)
fid(14): fd(0) fileName(NULL)
	mode(NULL)	hot(0) cool(0) pos(0)
fid(13): fd(0) fileName(NULL)
	mode(NULL)	hot(0) cool(0) pos(0)
fid(12): fd(0) fileName(NULL)
	mode(NULL)	hot(0) cool(0) pos(0)
fid(11): fd(0) fileName(NULL)
	mode(NULL)	hot(0) cool(0) pos(0)
fid(10): fd(0) fileName(NULL)
	mode(NULL)	hot(0) cool(0) pos(0)
fid(9): fd(0) fileName(NULL)
	mode(NULL)	hot(0) cool(0) pos(0)
fid(8): fd(0) fileName(NULL)
	mode(NULL)	hot(0) cool(0) pos(0)
fid(7): fd(0) fileName(NULL)
	mode(NULL)	hot(0) cool(0) pos(0)
fid(6): fd(0) fileName(NULL)
	mode(NULL)	hot(0) cool(0) pos(0)
fid(5): fd(0) fileName(NULL)
	mode(NULL)	hot(0) cool(0) pos(0)
fid(4): fd(0) fileName(NULL)
	mode(NULL)	hot(0) cool(0) pos(0)
fid(3): fd(0) fileName(NULL)
	mode(NULL)	hot(0) cool(0) pos(0)
fid(2): fd(0) fileName(NULL)
	mode(NULL)	hot(0) cool(0) pos(0)
fid(1): fd(0) fileName(NULL)
	mode(NULL)	hot(0) cool(0) pos(0)
fid(0): fd(0) fileName(NULL)
	mode(NULL)	hot(0) cool(0) pos(0)
==================================================
mySelf(0x1e243de0) pre(0x18742bc0) next((nil))
version(200506)
date(Apr 25 2022 02:34:42)
